Running `bundle install --verbose` with bundler 1.17.3
Found changes from the lockfile, re-resolving dependencies because the list of sources changed, the dependencies in your gemfile changed, you added a new platform to your gemfile
HTTP GET https://index.rubygems.org/versions
HTTP 304 Not Modified https://index.rubygems.org/versions
Fetching gem metadata from https://rubygems.org/
Looking up gems ["rails", "sqlite3", "sass-rails", "uglifier", "coffee-rails", "mini_racer", "jquery-rails", "turbolinks", "jbuilder", "json", "sdoc", "pg"]
HTTP GET https://index.rubygems.org/info/pg
HTTP 200 OK https://index.rubygems.org/info/pg
Looking up gems ["actionpack", "coffee-script", "railties", "sprockets", "turbolinks-source", "activesupport", "blankslate", "multi_json", "actionview", "therubyracer", "execjs", "libv8", "libv8-node", "ffi", "mini_portile2", "rdoc", "sanitize", "rack", "actionmailer", "activerecord", "activeresource", "rake", "actionwebservice", "bundler", "sprockets-rails", "activemodel", "activejob", "actioncable", "activestorage", "actionmailbox", "actiontext", "thor", "rails-dom-testing", "sass", "tilt", "sassc-rails", "rake-compiler"]
Looking up gems ["coffee-script-source", "hike", "concurrent-ruby", "base64", "logger", "builder", "erubis", "rails-deprecated_sanitizer", "rails-html-sanitizer", "erubi", "ref", "net-ftp", "hoe", "psych", "hpricot", "htmlentities", "nokogiri", "crass", "nokogumbo", "i18n", "memcache-client", "tzinfo", "minitest", "thread_safe", "method_source", "zeitwerk", "bigdecimal", "connection_pool", "drb", "mutex_m", "securerandom", "benchmark", "uri", "rack-ssl", "irb", "rackup", "rails-observers", "activemodel-serializers-xml", "bcrypt-ruby", "activemodel-globalid", "globalid", "celluloid", "em-hiredis", "faye-websocket", "redis", "websocket-driver", "nio4r", "marcel", "mimemagic", "mini_mime", "mail", "net-imap", "net-pop", "net-smtp", "listen", "sass-listen", "text-format", "sassc", "rack-mount", "rack-test", "rack-cache", "journey", "rack-session", "racc", "useragent", "arel", "activerecord-deprecated_finders", "timeout"]
Looking up gems ["functional-ruby", "loofah", "net-protocol", "time", "rubyforge", "RubyInline", "gemcutter", "jar-dependencies", "stringio", "date", "weakling", "mini_portile", "pkg-config", "ZenTest", "ruby_parser", "abstract", "ruby2_keywords", "atomic", "reline", "pp", "webrick", "bcrypt", "hiredis", "eventmachine", "timers", "facter", "celluloid-essentials", "celluloid-extras", "celluloid-fsm", "celluloid-pool", "celluloid-supervision", "dotenv", "nenv", "rspec-logsplit", "thin", "rspec", "redis-client", "websocket-extensions", "mime-types", "treetop", "tlsmail", "digest", "strscan", "rb-fchange", "rb-fsevent", "rb-inotify", "rb-kqueue", "celluloid-io", "ruby_dep", "text-hyphen", "multimap"]
Looking up gems ["json_pure", "ParseTree", "sexp_processor", "net-scp", "prettyprint", "CFPropertyList", "sys-admin", "win32-api", "win32console", "win32-dir", "windows-api", "windows-pr", "win32-security", "hocon", "sys-filesystem", "coveralls", "rubocop", "celluloid-gems", "dotenv-deployment", "daemons", "rspec-core", "rspec-expectations", "rspec-mocks", "mime-types-data", "io-console", "ruby-maven", "facets", "polyglot", "io-wait", "hitimes"]
Looking up gems ["SexpProcessor", "libxml-ruby", "rexml", "nkf", "test-unit", "ffi-win32-extensions", "mkmf-lite", "colorize", "rest-client", "simplecov", "term-ansicolor", "tins", "rspec-support", "maven-tools", "ruby-maven-libs", "configuration", "mkrf", "diff-lcs", "spruz", "rainbow", "parser", "backports", "powerpack", "ruby-progressbar", "astrolabe", "unicode-display_width", "parallel", "jaro_winkler", "rubocop-ast", "regexp_parser", "language_server-protocol", "lint_roller", "net-ssh"]
Looking up gems ["power_assert", "ptools", "memoist", "netrc", "http-cookie", "http-accept", "simplecov-html", "docile", "lockfile", "simplecov_json_formatter", "mize", "virtus", "ast", "slop", "unicode-emoji", "prism", "sync", "needle", "jruby-pageant", "bcrypt_pbkdf", "rbnacl", "rbnacl-libsodium"]
Looking up gems ["domain_name", "protocol", "descendants_tracker", "axiom-types", "coercible", "equalizer", "unicode-version", "pattern-match", "win32-file"]
Looking up gems ["unf", "ice_nine", "adamantium", "win32-file-stat"]
Looking up gems ["unf_ext", "memoizable"]
Double checking for ["bundler"] in rubygems repository https://rubygems.org/ or installed locally
Fetching gem metadata from https://rubygems.org/
Looking up gems ["bundler"]
Resolving dependencies...
Using rake 13.2.1
0:  rake (13.2.1) from /usr/local/bundle/specifications/rake-13.2.1.gemspec
Using concurrent-ruby 1.3.5
0:  concurrent-ruby (1.3.5) from /usr/local/bundle/specifications/concurrent-ruby-1.3.5.gemspec
Using i18n 0.9.5
0:  i18n (0.9.5) from /usr/local/bundle/specifications/i18n-0.9.5.gemspec
Using minitest 4.7.5
0:  minitest (4.7.5) from /usr/local/bundle/specifications/minitest-4.7.5.gemspec
Using multi_json 1.15.0
0:  multi_json (1.15.0) from /usr/local/bundle/specifications/multi_json-1.15.0.gemspec
Using thread_safe 0.3.6
0:  thread_safe (0.3.6) from /usr/local/bundle/specifications/thread_safe-0.3.6.gemspec
Using tzinfo 0.3.62
0:  tzinfo (0.3.62) from /usr/local/bundle/specifications/tzinfo-0.3.62.gemspec
Using activesupport 4.0.0
0:  activesupport (4.0.0) from /usr/local/bundle/specifications/activesupport-4.0.0.gemspec
Using builder 3.1.4
0:  builder (3.1.4) from /usr/local/bundle/specifications/builder-3.1.4.gemspec
Using erubis 2.7.0
0:  erubis (2.7.0) from /usr/local/bundle/specifications/erubis-2.7.0.gemspec
Using rack 1.5.5
0:  rack (1.5.5) from /usr/local/bundle/specifications/rack-1.5.5.gemspec
Using rack-test 0.6.3
0:  rack-test (0.6.3) from /usr/local/bundle/specifications/rack-test-0.6.3.gemspec
Using actionpack 4.0.0
0:  actionpack (4.0.0) from /usr/local/bundle/specifications/actionpack-4.0.0.gemspec
Using mime-types 1.25.1
0:  mime-types (1.25.1) from /usr/local/bundle/specifications/mime-types-1.25.1.gemspec
Using polyglot 0.3.5
0:  polyglot (0.3.5) from /usr/local/bundle/specifications/polyglot-0.3.5.gemspec
Using treetop 1.4.15
0:  treetop (1.4.15) from /usr/local/bundle/specifications/treetop-1.4.15.gemspec
Using mail 2.5.5
0:  mail (2.5.5) from /usr/local/bundle/specifications/mail-2.5.5.gemspec
Using actionmailer 4.0.0
0:  actionmailer (4.0.0) from /usr/local/bundle/specifications/actionmailer-4.0.0.gemspec
Using activemodel 4.0.0
0:  activemodel (4.0.0) from /usr/local/bundle/specifications/activemodel-4.0.0.gemspec
Using activerecord-deprecated_finders 1.0.4
0:  activerecord-deprecated_finders (1.0.4) from /usr/local/bundle/specifications/activerecord-deprecated_finders-1.0.4.gemspec
Using arel 4.0.2
0:  arel (4.0.2) from /usr/local/bundle/specifications/arel-4.0.2.gemspec
Using activerecord 4.0.0
0:  activerecord (4.0.0) from /usr/local/bundle/specifications/activerecord-4.0.0.gemspec
Using bundler 1.17.3
0:  bundler (1.17.3) from /usr/local/lib/ruby/gems/2.3.0/specifications/default/bundler-1.17.3.gemspec
Using coffee-script-source 1.12.2
0:  coffee-script-source (1.12.2) from /usr/local/bundle/specifications/coffee-script-source-1.12.2.gemspec
Using execjs 2.9.0
0:  execjs (2.9.0) from /usr/local/bundle/specifications/execjs-2.9.0.gemspec
Using coffee-script 2.4.1
0:  coffee-script (2.4.1) from /usr/local/bundle/specifications/coffee-script-2.4.1.gemspec
Using thor 1.2.2
0:  thor (1.2.2) from /usr/local/bundle/specifications/thor-1.2.2.gemspec
Using railties 4.0.0
0:  railties (4.0.0) from /usr/local/bundle/specifications/railties-4.0.0.gemspec
Using coffee-rails 4.0.1
0:  coffee-rails (4.0.1) from /usr/local/bundle/specifications/coffee-rails-4.0.1.gemspec
Using hike 1.2.3
0:  hike (1.2.3) from /usr/local/bundle/specifications/hike-1.2.3.gemspec
Using jbuilder 1.5.3
0:  jbuilder (1.5.3) from /usr/local/bundle/specifications/jbuilder-1.5.3.gemspec
Using jquery-rails 3.1.5
0:  jquery-rails (3.1.5) from /usr/local/bundle/specifications/jquery-rails-3.1.5.gemspec
Using json 1.8.6
0:  json (1.8.6) from /usr/local/bundle/specifications/json-1.8.6.gemspec
Fetching libv8-node 15.14.0.1 (x86_64-linux-musl)
Installing libv8-node 15.14.0.1 (x86_64-linux-musl)
0:  libv8-node (15.14.0.1) from /usr/local/bundle/specifications/libv8-node-15.14.0.1-x86_64-linux-musl.gemspec
Using mini_racer 0.4.0
0:  mini_racer (0.4.0) from /usr/local/bundle/specifications/mini_racer-0.4.0.gemspec
Using pg 0.21.0
0:  pg (0.21.0) from /usr/local/bundle/specifications/pg-0.21.0.gemspec
Using tilt 1.4.1
0:  tilt (1.4.1) from /usr/local/bundle/specifications/tilt-1.4.1.gemspec
Using sprockets 2.12.5
0:  sprockets (2.12.5) from /usr/local/bundle/specifications/sprockets-2.12.5.gemspec
Using sprockets-rails 2.0.1
0:  sprockets-rails (2.0.1) from /usr/local/bundle/specifications/sprockets-rails-2.0.1.gemspec
Using rails 4.0.0
0:  rails (4.0.0) from /usr/local/bundle/specifications/rails-4.0.0.gemspec
Using rdoc 6.2.0
0:  rdoc (6.2.0) from /usr/local/bundle/specifications/rdoc-6.2.0.gemspec
Using sass 3.2.19
0:  sass (3.2.19) from /usr/local/bundle/specifications/sass-3.2.19.gemspec
Using sass-rails 4.0.5
0:  sass-rails (4.0.5) from /usr/local/bundle/specifications/sass-rails-4.0.5.gemspec
Using sdoc 2.6.1
0:  sdoc (2.6.1) from /usr/local/bundle/specifications/sdoc-2.6.1.gemspec
Using sqlite3 1.3.13
0:  sqlite3 (1.3.13) from /usr/local/bundle/specifications/sqlite3-1.3.13.gemspec
Using turbolinks-source 5.2.0
0:  turbolinks-source (5.2.0) from /usr/local/bundle/specifications/turbolinks-source-5.2.0.gemspec
Using turbolinks 5.2.1
0:  turbolinks (5.2.1) from /usr/local/bundle/specifications/turbolinks-5.2.1.gemspec
Using uglifier 4.2.0
0:  uglifier (4.2.0) from /usr/local/bundle/specifications/uglifier-4.2.0.gemspec
Bundle complete! 12 Gemfile dependencies, 48 gems now installed.
Bundled gems are installed into `/usr/local/bundle`
